0 info it worked if it ends with ok
1 verbose cli [ 'C:\\Program Files\\nodejs\\node.exe',
1 verbose cli   'C:\\Program Files\\nodejs\\node_modules\\npm\\bin\\npm-cli.js',
1 verbose cli   'run',
1 verbose cli   'build' ]
2 info using npm@3.10.10
3 info using node@v6.11.2
4 verbose run-script [ 'prebuild', 'build', 'postbuild' ]
5 info lifecycle portal@1.0.0~prebuild: portal@1.0.0
6 silly lifecycle portal@1.0.0~prebuild: no script for prebuild, continuing
7 info lifecycle portal@1.0.0~build: portal@1.0.0
8 verbose lifecycle portal@1.0.0~build: unsafe-perm in lifecycle true
9 verbose lifecycle portal@1.0.0~build: PATH: C:\Program Files\nodejs\node_modules\npm\bin\node-gyp-bin;E:\projetos\asp\versao-nodes\portalstf-static-frontend\node_modules\.bin;C:\Users\anderson.araujo\bin;C:\Program Files\Git\mingw64\bin;C:\Program Files\Git\usr\local\bin;C:\Program Files\Git\usr\bin;C:\Program Files\Git\usr\bin;C:\Program Files\Git\mingw64\bin;C:\Program Files\Git\usr\bin;C:\Users\anderson.araujo\bin;C:\Program Files (x86)\Borland\Delphi7\Bin;C:\Program Files (x86)\Borland\Delphi7\Projects\Bpl;C:\Program Files (x86)\Intel\iCLS Client;C:\Program Files\Intel\iCLS Client;C:\oracle\product\11.2.0\client\bin;C:\windows\system32;C:\windows;C:\windows\system32\wbem;C:\windows\system32\windowspowershell\v1.0;C:\Program Files\Aladdin\eToken\PKIClient\x32;C:\Program Files\Aladdin\eToken\PKIClient\x64;C:\Program Files (x86)\LibreOffice 3\program;C:\Program Files (x86)\STFOffice-BrOo-2.4.0\program;C:\SEARCH\bin;C:\SEARCH\CLIENT;C:\Program Files\SourceGear\Common\DiffMerge;C:\sdk\tools\maven\apache-maven-2.2.1\bin;C:\sdk\tools\apache-ant-1.8.2-bin\bin;C:\sdk\tools\jad;C:\Program Files\TortoiseSVN\bin;C:\Program Files\Intel\Intel(R) Management Engine Components\DAL;C:\Program Files\Intel\Intel(R) Management Engine Components\IPT;C:\Program Files (x86)\Intel\Intel(R) Management Engine Components\DAL;C:\Program Files (x86)\Intel\Intel(R) Management Engine Components\IPT;C:\desenvolvimento\ferramentas\gradle-2.12\bin;E:\desenvolvimento\ferramentas\apache-maven-3.0.4\bin;C:\Users\anderson.araujo\.dnx\bin;C:\Program Files\Microsoft DNX\Dnvm;C:\Program Files\Microsoft SQL Server\130\Tools\Binn;C:\Program Files\Microsoft\Web Platform Installer;C:\Program Files\php7.0.13;C:\Program Files (x86)\Enterprise Vault\EVClient;E:\desenvolvimento\ferramentas\JPM4J\bin;E:\desenvolvimento\ferramentas\JPM4J\bin;E:\desenvolvimento\servidores\liferay-portal-6.2-ce-ga5\tomcat-7.0.62\lib;C:\Program Files\Java\jdk1.6.0_45\bin;C:\Program Files\Java\jre6\bin;C:\Program Files\Git\cmd;C:\Program Files\Microsoft SQL Server\Client SDK\ODBC\110\Tools\Binn;C:\Program Files (x86)\Microsoft SQL Server\120\Tools\Binn;C:\Program Files\Microsoft SQL Server\120\Tools\Binn;C:\Program Files\Microsoft SQL Server\120\DTS\Binn;C:\Program Files (x86)\Microsoft SQL Server\120\Tools\Binn\ManagementStudio;C:\Program Files (x86)\Microsoft SQL Server\120\DTS\Binn;C:\Program Files\dotnet;C:\Program Files (x86)\VisualSVN\bin;C:\Program Files\TortoiseGit\bin;C:\windows\System32\WindowsPowerShell\v1.0;C:\Program Files\nodejs;E:\Program Files (x86)\Microsoft VS Code\bin;C:\Users\anderson.araujo\AppData\Roaming\npm;C:\Program Files\Git\usr\bin\vendor_perl;C:\Program Files\Git\usr\bin\core_perl
10 verbose lifecycle portal@1.0.0~build: CWD: E:\projetos\asp\versao-nodes\portalstf-static-frontend
11 silly lifecycle portal@1.0.0~build: Args: [ '/d /s /c',
11 silly lifecycle   'export NODE_ENV=production || SET NODE_ENV=production&& rimraf dist && webpack -p' ]
12 silly lifecycle portal@1.0.0~build: Returned: code: 2  signal: null
13 info lifecycle portal@1.0.0~build: Failed to exec build script
14 verbose stack Error: portal@1.0.0 build: `export NODE_ENV=production || SET NODE_ENV=production&& rimraf dist && webpack -p`
14 verbose stack Exit status 2
14 verbose stack     at EventEmitter.<anonymous> (C:\Program Files\nodejs\node_modules\npm\lib\utils\lifecycle.js:255:16)
14 verbose stack     at emitTwo (events.js:106:13)
14 verbose stack     at EventEmitter.emit (events.js:191:7)
14 verbose stack     at ChildProcess.<anonymous> (C:\Program Files\nodejs\node_modules\npm\lib\utils\spawn.js:40:14)
14 verbose stack     at emitTwo (events.js:106:13)
14 verbose stack     at ChildProcess.emit (events.js:191:7)
14 verbose stack     at maybeClose (internal/child_process.js:891:16)
14 verbose stack     at Process.ChildProcess._handle.onexit (internal/child_process.js:226:5)
15 verbose pkgid portal@1.0.0
16 verbose cwd E:\projetos\asp\versao-nodes\portalstf-static-frontend
17 error Windows_NT 6.1.7601
18 error argv "C:\\Program Files\\nodejs\\node.exe" "C:\\Program Files\\nodejs\\node_modules\\npm\\bin\\npm-cli.js" "run" "build"
19 error node v6.11.2
20 error npm  v3.10.10
21 error code ELIFECYCLE
22 error portal@1.0.0 build: `export NODE_ENV=production || SET NODE_ENV=production&& rimraf dist && webpack -p`
22 error Exit status 2
23 error Failed at the portal@1.0.0 build script 'export NODE_ENV=production || SET NODE_ENV=production&& rimraf dist && webpack -p'.
23 error Make sure you have the latest version of node.js and npm installed.
23 error If you do, this is most likely a problem with the portal package,
23 error not with npm itself.
23 error Tell the author that this fails on your system:
23 error     export NODE_ENV=production || SET NODE_ENV=production&& rimraf dist && webpack -p
23 error You can get information on how to open an issue for this project with:
23 error     npm bugs portal
23 error Or if that isn't available, you can get their info via:
23 error     npm owner ls portal
23 error There is likely additional logging output above.
24 verbose exit [ 1, true ]
